<?xml version="1.0" encoding="UTF-8"?>
<!-- Generated by org.testng.reporters.JUnitXMLReporter -->
<testsuite ignored="0" hostname="DESKTOP-9LVJVBF" failures="0" tests="5" name="ChromeTest(failed)" time="0.186" errors="0" timestamp="2022-08-16T17:12:03 IST">
  <testcase classname="testpack.VerifyHedersOfApp" name="@BeforeTest launchBrowser" time="0.006">
    <failure type="java.lang.Error" message="Unresolved compilation problems: 
	Base cannot be resolved or is not a field
	Base cannot be resolved or is not a field
	Base cannot be resolved or is not a field
">
      <![CDATA[java.lang.Error: Unresolved compilation problems: 
Base cannot be resolved or is not a field
Base cannot be resolved or is not a field
Base cannot be resolved or is not a field

at testpack.VerifyHedersOfApp.launchBrowser(VerifyHedersOfApp.java:28)
... Removed 24 stack frames]]>
    </failure>
  </testcase> <!-- @BeforeTest launchBrowser -->
  <testcase classname="testpack.VerifyHedersOfApp" name="@BeforeClass createPOMObject" time="-1.660650122997E9">
    <skipped/>
  </testcase> <!-- @BeforeClass createPOMObject -->
  <testcase classname="testpack.VerifyHedersOfApp" name="@BeforeMethod loginPageToApplication" time="-1.660650123018E9">
    <skipped/>
  </testcase> <!-- @BeforeMethod loginPageToApplication -->
  <testcase classname="testpack.VerifyHedersOfApp" name="@AfterMethod logoutFromApplication" time="-1.66065012303E9">
    <skipped/>
  </testcase> <!-- @AfterMethod logoutFromApplication -->
  <testcase classname="testpack.VerifyHedersOfApp" name="@BeforeMethod loginPageToApplication" time="-1.660650123036E9">
    <skipped/>
  </testcase> <!-- @BeforeMethod loginPageToApplication -->
  <testcase classname="testpack.VerifyHedersOfApp" name="@AfterMethod logoutFromApplication" time="-1.660650123043E9">
    <skipped/>
  </testcase> <!-- @AfterMethod logoutFromApplication -->
  <testcase classname="testpack.VerifyHedersOfApp" name="@AfterClass clearObject" time="-1.660650123046E9">
    <skipped/>
  </testcase> <!-- @AfterClass clearObject -->
  <testcase classname="testpack.TestClass1" name="@BeforeClass beforeClass" time="-1.660650123057E9">
    <skipped/>
  </testcase> <!-- @BeforeClass beforeClass -->
  <testcase classname="testpack.TestClass1" name="@BeforeMethod beforeMethod" time="-1.66065012306E9">
    <skipped/>
  </testcase> <!-- @BeforeMethod beforeMethod -->
  <testcase classname="testpack.TestClass1" name="@AfterMethod afterMethod" time="-1.660650123069E9">
    <skipped/>
  </testcase> <!-- @AfterMethod afterMethod -->
  <testcase classname="testpack.TestClass1" name="@BeforeMethod beforeMethod" time="-1.660650123077E9">
    <skipped/>
  </testcase> <!-- @BeforeMethod beforeMethod -->
  <testcase classname="testpack.TestClass1" name="@AfterMethod afterMethod" time="-1.660650123085E9">
    <skipped/>
  </testcase> <!-- @AfterMethod afterMethod -->
  <testcase classname="testpack.TestClass1" name="@BeforeMethod beforeMethod" time="-1.660650123088E9">
    <skipped/>
  </testcase> <!-- @BeforeMethod beforeMethod -->
  <testcase classname="testpack.TestClass1" name="@AfterMethod afterMethod" time="-1.660650123096E9">
    <skipped/>
  </testcase> <!-- @AfterMethod afterMethod -->
  <testcase classname="testpack.TestClass1" name="@AfterClass AfterClass" time="-1.660650123098E9">
    <skipped/>
  </testcase> <!-- @AfterClass AfterClass -->
  <testcase classname="testpack.TestClass1" name="@AfterTest aftertest" time="-1.660650123102E9">
    <skipped/>
  </testcase> <!-- @AfterTest aftertest -->
  <testcase classname="testpack.VerifyHedersOfApp" name="@AfterTest closedBrowser" time="-1.660650123106E9">
    <skipped/>
  </testcase> <!-- @AfterTest closedBrowser -->
  <testcase classname="testpack.VerifyHedersOfApp" name="verifyReportButton" time="0.0">
    <skipped/>
  </testcase> <!-- verifyReportButton -->
  <testcase classname="testpack.VerifyHedersOfApp" name="verifyTaskButton" time="0.0">
    <skipped/>
  </testcase> <!-- verifyTaskButton -->
  <testcase classname="testpack.TestClass1" name="testB" time="0.0">
    <skipped/>
  </testcase> <!-- testB -->
  <testcase classname="testpack.TestClass1" name="testF" time="0.0">
    <skipped/>
  </testcase> <!-- testF -->
  <testcase classname="testpack.TestClass1" name="testA" time="0.0">
    <skipped/>
  </testcase> <!-- testA -->
</testsuite> <!-- ChromeTest(failed) -->
