<?xml version="1.0" encoding="UTF-8"?>
<!-- Generated by org.testng.reporters.JUnitXMLReporter -->
<testsuite ignored="0" hostname="DESKTOP-9LVJVBF" failures="0" tests="6" name="Test123" time="0.113" errors="0" timestamp="2022-08-15T15:53:25 IST">
  <testcase classname="testpack.TestClass2" name="testC" time="0.01"/>
  <testcase classname="testpack.TestClass2" name="testD" time="0.003"/>
  <testcase classname="testpack.TestClass2" name="testM" time="0.002"/>
  <testcase classname="testpack.TestClass1" name="testA" time="0.001"/>
  <testcase classname="testpack.TestClass1" name="testB" time="0.001"/>
  <testcase classname="testpack.TestClass1" name="testF" time="0.002"/>
</testsuite> <!-- Test123 -->
